2023-08-06 01:17:54.713434 - Initialized conversion of CBT133
2023-08-06 01:17:55.037424 - Received CBT.V505.FILE133.PDS from FILE133.XMI 
2023-08-06 01:17:55.039814 - Found $$$#DATE.txt (text/plain) in CBT.V505.FILE133.PDS, moved to PDS/$$$#DATE
2023-08-06 01:17:55.041022 - Found $$ASMDOC.txt (text/plain) in CBT.V505.FILE133.PDS, moved to PDS/$$ASMDOC
2023-08-06 01:17:55.042018 - Found $$DOC.txt (text/plain) in CBT.V505.FILE133.PDS, moved to PDS/$$DOC
2023-08-06 01:17:55.043041 - Found #SORT.txt (text/plain) in CBT.V505.FILE133.PDS, moved to PDS/#SORT
2023-08-06 01:17:55.043974 - Found @AMODE.txt (text/plain) in CBT.V505.FILE133.PDS, moved to PDS/@AMODE
2023-08-06 01:17:55.044849 - Found @FILE133.txt (text/plain) in CBT.V505.FILE133.PDS, moved to PDS/@FILE133
2023-08-06 01:17:55.045837 - Found ASM.txt (text/plain) in CBT.V505.FILE133.PDS, moved to PDS/ASM
2023-08-06 01:17:55.046825 - Found CLIST.txt (text/plain) in CBT.V505.FILE133.PDS, moved to PDS/CLIST
2023-08-06 01:17:55.047709 - Found CNTL.txt (text/plain) in CBT.V505.FILE133.PDS, moved to PDS/CNTL
2023-08-06 01:17:55.048600 - Found CPCMD.txt (text/plain) in CBT.V505.FILE133.PDS, moved to PDS/CPCMD
2023-08-06 01:17:55.049424 - Found CPCMD$.jcl (text/plain) in CBT.V505.FILE133.PDS, moved to PDS/CPCMD$
2023-08-06 01:17:55.050416 - Found DASDDEVC.txt (text/plain) in CBT.V505.FILE133.PDS, moved to PDS/DASDDEVC
2023-08-06 01:17:55.051307 - Found DASDSUB.txt (text/plain) in CBT.V505.FILE133.PDS, moved to PDS/DASDSUB
2023-08-06 01:17:55.052133 - Found DASDSUB$.jcl (text/plain) in CBT.V505.FILE133.PDS, moved to PDS/DASDSUB$
2023-08-06 01:17:55.053006 - Found DISASM3B.txt (text/plain) in CBT.V505.FILE133.PDS, moved to PDS/DISASM3B
2023-08-06 01:17:55.053912 - Found DSSLVL.txt (text/plain) in CBT.V505.FILE133.PDS, moved to PDS/DSSLVL
2023-08-06 01:17:55.054891 - Found DSSLVL$.jcl (text/plain) in CBT.V505.FILE133.PDS, moved to PDS/DSSLVL$
2023-08-06 01:17:55.055820 - Found IEZCTGFL.txt (text/plain) in CBT.V505.FILE133.PDS, moved to PDS/IEZCTGFL
2023-08-06 01:17:55.056708 - Found IEZCTGPL.txt (text/plain) in CBT.V505.FILE133.PDS, moved to PDS/IEZCTGPL
2023-08-06 01:17:55.057766 - Found JULSUB.txt (text/plain) in CBT.V505.FILE133.PDS, moved to PDS/JULSUB
2023-08-06 01:17:55.058658 - Found JULSUB$.jcl (text/plain) in CBT.V505.FILE133.PDS, moved to PDS/JULSUB$
2023-08-06 01:17:55.059546 - Found LASTCLP$.jcl (text/plain) in CBT.V505.FILE133.PDS, moved to PDS/LASTCLP$
2023-08-06 01:17:55.060558 - Found LASTCLPA.txt (text/plain) in CBT.V505.FILE133.PDS, moved to PDS/LASTCLPA
2023-08-06 01:17:55.061490 - Found LASTCLPO.txt (text/plain) in CBT.V505.FILE133.PDS, moved to PDS/LASTCLPO
2023-08-06 01:17:55.062357 - Found LNKLST.txt (text/plain) in CBT.V505.FILE133.PDS, moved to PDS/LNKLST
2023-08-06 01:17:55.063312 - Found LNKLST$.jcl (text/plain) in CBT.V505.FILE133.PDS, moved to PDS/LNKLST$
2023-08-06 01:17:55.064215 - Found LOGTIME.txt (text/plain) in CBT.V505.FILE133.PDS, moved to PDS/LOGTIME
2023-08-06 01:17:55.065099 - Found LOGTIME$.jcl (text/plain) in CBT.V505.FILE133.PDS, moved to PDS/LOGTIME$
2023-08-06 01:17:55.065956 - Found MACROS.txt (text/plain) in CBT.V505.FILE133.PDS, moved to PDS/MACROS
2023-08-06 01:17:55.066886 - Found MOREND.txt (text/plain) in CBT.V505.FILE133.PDS, moved to PDS/MOREND
2023-08-06 01:17:55.067801 - Found MOWSTART.txt (text/plain) in CBT.V505.FILE133.PDS, moved to PDS/MOWSTART
2023-08-06 01:17:55.068690 - Found RACFDS.txt (text/plain) in CBT.V505.FILE133.PDS, moved to PDS/RACFDS
2023-08-06 01:17:55.069562 - Found RACFDS$.jcl (text/plain) in CBT.V505.FILE133.PDS, moved to PDS/RACFDS$
2023-08-06 01:17:55.070429 - Found SETMODE.txt (text/plain) in CBT.V505.FILE133.PDS, moved to PDS/SETMODE
2023-08-06 01:17:55.071313 - Found SMFDS.txt (text/plain) in CBT.V505.FILE133.PDS, moved to PDS/SMFDS
2023-08-06 01:17:55.072184 - Found SMFDS$.jcl (text/plain) in CBT.V505.FILE133.PDS, moved to PDS/SMFDS$
2023-08-06 01:17:55.073058 - Found SVCTAB.txt (text/plain) in CBT.V505.FILE133.PDS, moved to PDS/SVCTAB
2023-08-06 01:17:55.073990 - Found SVCTAB$.jcl (text/plain) in CBT.V505.FILE133.PDS, moved to PDS/SVCTAB$
2023-08-06 01:17:55.074876 - Found SVCTAB$1.jcl (text/plain) in CBT.V505.FILE133.PDS, moved to PDS/SVCTAB$1
2023-08-06 01:17:55.075748 - Found SVCTAB#.txt (text/plain) in CBT.V505.FILE133.PDS, moved to PDS/SVCTAB#
2023-08-06 01:17:55.076622 - Found SVCTABO.txt (text/plain) in CBT.V505.FILE133.PDS, moved to PDS/SVCTABO
2023-08-06 01:17:55.077551 - Found SVCTAB01.txt (text/plain) in CBT.V505.FILE133.PDS, moved to PDS/SVCTAB01
2023-08-06 01:17:55.078419 - Found SVTOC.txt (text/plain) in CBT.V505.FILE133.PDS, moved to PDS/SVTOC
2023-08-06 01:17:55.079442 - Found TODCN.txt (text/plain) in CBT.V505.FILE133.PDS, moved to PDS/TODCN
2023-08-06 01:17:55.080450 - Found TODCN$.jcl (text/plain) in CBT.V505.FILE133.PDS, moved to PDS/TODCN$
2023-08-06 01:17:55.081387 - Found VSAMNAM$.jcl (text/plain) in CBT.V505.FILE133.PDS, moved to PDS/VSAMNAM$
2023-08-06 01:17:55.082362 - Found VSAMNAME.txt (text/plain) in CBT.V505.FILE133.PDS, moved to PDS/VSAMNAME
